2022-02-11T15:39:35+00:00 CRITICAL Out of memory (allocated 48234496) (tried to allocate 20480 bytes) in C:\xampp\htdocs\myfashion\wp-includes\rest-api\endpoints\class-wp-rest-controller.php on line 397

2022-02-11T17:19:42+00:00 CRITICAL Uncaught Error: Cannot use object of type WP_Error as array in C:\xampp\htdocs\myfashion\wp-content\plugins\elementor\includes\template-library\manager.php:457
Stack trace:
#0 [internal function]: Elementor\TemplateLibrary\Manager->import_template(Array)
#1 C:\xampp\htdocs\myfashion\wp-content\plugins\elementor\includes\template-library\manager.php(550): call_user_func(Array, Array)
#2 C:\xampp\htdocs\myfashion\wp-content\plugins\elementor\includes\template-library\manager.php(582): Elementor\TemplateLibrary\Manager->handle_ajax_request('import_template', Array)
#3 [internal function]: Elementor\TemplateLibrary\Manager->Elementor\TemplateLibrary\{closure}(Array, Object(Elementor\Core\Common\Modules\Ajax\Module))
#4 C:\xampp\htdocs\myfashion\wp-content\plugins\elementor\core\common\modules\ajax\module.php(171): call_user_func(Object(Closure), Array, Object(Elementor\Core\Common\Modules\Ajax\Module))
#5 C:\xampp\htdocs\myfashion\wp-includes\class-wp-hook.php(307): Elementor\Core\Common\Modules\Ajax\Module->hand in C:\xampp\htdocs\myfashion\wp-content\plugins\elementor\includes\template-library\manager.php on line 457

2022-02-11T17:19:53+00:00 CRITICAL Uncaught Error: Cannot use object of type WP_Error as array in C:\xampp\htdocs\myfashion\wp-content\plugins\elementor\includes\template-library\manager.php:457
Stack trace:
#0 [internal function]: Elementor\TemplateLibrary\Manager->import_template(Array)
#1 C:\xampp\htdocs\myfashion\wp-content\plugins\elementor\includes\template-library\manager.php(550): call_user_func(Array, Array)
#2 C:\xampp\htdocs\myfashion\wp-content\plugins\elementor\includes\template-library\manager.php(582): Elementor\TemplateLibrary\Manager->handle_ajax_request('import_template', Array)
#3 [internal function]: Elementor\TemplateLibrary\Manager->Elementor\TemplateLibrary\{closure}(Array, Object(Elementor\Core\Common\Modules\Ajax\Module))
#4 C:\xampp\htdocs\myfashion\wp-content\plugins\elementor\core\common\modules\ajax\module.php(171): call_user_func(Object(Closure), Array, Object(Elementor\Core\Common\Modules\Ajax\Module))
#5 C:\xampp\htdocs\myfashion\wp-includes\class-wp-hook.php(307): Elementor\Core\Common\Modules\Ajax\Module->hand in C:\xampp\htdocs\myfashion\wp-content\plugins\elementor\includes\template-library\manager.php on line 457

2022-02-11T17:24:28+00:00 CRITICAL Uncaught Error: Cannot use object of type WP_Error as array in C:\xampp\htdocs\myfashion\wp-content\plugins\elementor\includes\template-library\manager.php:457
Stack trace:
#0 [internal function]: Elementor\TemplateLibrary\Manager->import_template(Array)
#1 C:\xampp\htdocs\myfashion\wp-content\plugins\elementor\includes\template-library\manager.php(550): call_user_func(Array, Array)
#2 C:\xampp\htdocs\myfashion\wp-content\plugins\elementor\includes\template-library\manager.php(582): Elementor\TemplateLibrary\Manager->handle_ajax_request('import_template', Array)
#3 [internal function]: Elementor\TemplateLibrary\Manager->Elementor\TemplateLibrary\{closure}(Array, Object(Elementor\Core\Common\Modules\Ajax\Module))
#4 C:\xampp\htdocs\myfashion\wp-content\plugins\elementor\core\common\modules\ajax\module.php(171): call_user_func(Object(Closure), Array, Object(Elementor\Core\Common\Modules\Ajax\Module))
#5 C:\xampp\htdocs\myfashion\wp-includes\class-wp-hook.php(307): Elementor\Core\Common\Modules\Ajax\Module->hand in C:\xampp\htdocs\myfashion\wp-content\plugins\elementor\includes\template-library\manager.php on line 457

2022-02-11T17:24:38+00:00 CRITICAL Uncaught Error: Cannot use object of type WP_Error as array in C:\xampp\htdocs\myfashion\wp-content\plugins\elementor\includes\template-library\manager.php:457
Stack trace:
#0 [internal function]: Elementor\TemplateLibrary\Manager->import_template(Array)
#1 C:\xampp\htdocs\myfashion\wp-content\plugins\elementor\includes\template-library\manager.php(550): call_user_func(Array, Array)
#2 C:\xampp\htdocs\myfashion\wp-content\plugins\elementor\includes\template-library\manager.php(582): Elementor\TemplateLibrary\Manager->handle_ajax_request('import_template', Array)
#3 [internal function]: Elementor\TemplateLibrary\Manager->Elementor\TemplateLibrary\{closure}(Array, Object(Elementor\Core\Common\Modules\Ajax\Module))
#4 C:\xampp\htdocs\myfashion\wp-content\plugins\elementor\core\common\modules\ajax\module.php(171): call_user_func(Object(Closure), Array, Object(Elementor\Core\Common\Modules\Ajax\Module))
#5 C:\xampp\htdocs\myfashion\wp-includes\class-wp-hook.php(307): Elementor\Core\Common\Modules\Ajax\Module->hand in C:\xampp\htdocs\myfashion\wp-content\plugins\elementor\includes\template-library\manager.php on line 457

2022-02-11T17:27:00+00:00 CRITICAL Uncaught Error: Cannot use object of type WP_Error as array in C:\xampp\htdocs\myfashion\wp-content\plugins\elementor\includes\template-library\manager.php:457
Stack trace:
#0 [internal function]: Elementor\TemplateLibrary\Manager->import_template(Array)
#1 C:\xampp\htdocs\myfashion\wp-content\plugins\elementor\includes\template-library\manager.php(550): call_user_func(Array, Array)
#2 C:\xampp\htdocs\myfashion\wp-content\plugins\elementor\includes\template-library\manager.php(582): Elementor\TemplateLibrary\Manager->handle_ajax_request('import_template', Array)
#3 [internal function]: Elementor\TemplateLibrary\Manager->Elementor\TemplateLibrary\{closure}(Array, Object(Elementor\Core\Common\Modules\Ajax\Module))
#4 C:\xampp\htdocs\myfashion\wp-content\plugins\elementor\core\common\modules\ajax\module.php(171): call_user_func(Object(Closure), Array, Object(Elementor\Core\Common\Modules\Ajax\Module))
#5 C:\xampp\htdocs\myfashion\wp-includes\class-wp-hook.php(307): Elementor\Core\Common\Modules\Ajax\Module->hand in C:\xampp\htdocs\myfashion\wp-content\plugins\elementor\includes\template-library\manager.php on line 457

2022-02-11T17:31:22+00:00 CRITICAL Uncaught Error: Cannot use object of type WP_Error as array in C:\xampp\htdocs\myfashion\wp-content\plugins\elementor\includes\template-library\manager.php:457
Stack trace:
#0 [internal function]: Elementor\TemplateLibrary\Manager->import_template(Array)
#1 C:\xampp\htdocs\myfashion\wp-content\plugins\elementor\includes\template-library\manager.php(550): call_user_func(Array, Array)
#2 C:\xampp\htdocs\myfashion\wp-content\plugins\elementor\includes\template-library\manager.php(582): Elementor\TemplateLibrary\Manager->handle_ajax_request('import_template', Array)
#3 [internal function]: Elementor\TemplateLibrary\Manager->Elementor\TemplateLibrary\{closure}(Array, Object(Elementor\Core\Common\Modules\Ajax\Module))
#4 C:\xampp\htdocs\myfashion\wp-content\plugins\elementor\core\common\modules\ajax\module.php(171): call_user_func(Object(Closure), Array, Object(Elementor\Core\Common\Modules\Ajax\Module))
#5 C:\xampp\htdocs\myfashion\wp-includes\class-wp-hook.php(307): Elementor\Core\Common\Modules\Ajax\Module->hand in C:\xampp\htdocs\myfashion\wp-content\plugins\elementor\includes\template-library\manager.php on line 457

2022-02-11T17:31:54+00:00 CRITICAL Uncaught Error: Cannot use object of type WP_Error as array in C:\xampp\htdocs\myfashion\wp-content\plugins\elementor\includes\template-library\manager.php:457
Stack trace:
#0 [internal function]: Elementor\TemplateLibrary\Manager->import_template(Array)
#1 C:\xampp\htdocs\myfashion\wp-content\plugins\elementor\includes\template-library\manager.php(550): call_user_func(Array, Array)
#2 C:\xampp\htdocs\myfashion\wp-content\plugins\elementor\includes\template-library\manager.php(582): Elementor\TemplateLibrary\Manager->handle_ajax_request('import_template', Array)
#3 [internal function]: Elementor\TemplateLibrary\Manager->Elementor\TemplateLibrary\{closure}(Array, Object(Elementor\Core\Common\Modules\Ajax\Module))
#4 C:\xampp\htdocs\myfashion\wp-content\plugins\elementor\core\common\modules\ajax\module.php(171): call_user_func(Object(Closure), Array, Object(Elementor\Core\Common\Modules\Ajax\Module))
#5 C:\xampp\htdocs\myfashion\wp-includes\class-wp-hook.php(307): Elementor\Core\Common\Modules\Ajax\Module->hand in C:\xampp\htdocs\myfashion\wp-content\plugins\elementor\includes\template-library\manager.php on line 457

